Traceback (most recent call last):
  File "/home/runner/work/cvxrisk/cvxrisk/.venv/lib/python3.10/site-packages/jupyter_cache/executors/utils.py", line 58, in single_nb_execution
    executenb(
  File "/home/runner/work/cvxrisk/cvxrisk/.venv/lib/python3.10/site-packages/nbclient/client.py", line 1305, in execute
    return NotebookClient(nb=nb, resources=resources, km=km, **kwargs).execute()
  File "/home/runner/work/cvxrisk/cvxrisk/.venv/lib/python3.10/site-packages/jupyter_core/utils/__init__.py", line 166, in wrapped
    return loop.run_until_complete(inner)
  File "/opt/hostedtoolcache/Python/3.10.12/x64/lib/python3.10/asyncio/base_events.py", line 649, in run_until_complete
    return future.result()
  File "/home/runner/work/cvxrisk/cvxrisk/.venv/lib/python3.10/site-packages/nbclient/client.py", line 705, in async_execute
    await self.async_execute_cell(
  File "/home/runner/work/cvxrisk/cvxrisk/.venv/lib/python3.10/site-packages/nbclient/client.py", line 1058, in async_execute_cell
    await self._check_raise_for_error(cell, cell_index, exec_reply)
  File "/home/runner/work/cvxrisk/cvxrisk/.venv/lib/python3.10/site-packages/nbclient/client.py", line 914, in _check_raise_for_error
    raise CellExecutionError.from_cell_and_msg(cell, exec_reply_content)
nbclient.exceptions.CellExecutionError: An error occurred while executing the following cell:
------------------
model = FactorModel(assets=len(returns.columns), k=10)

# update the model parameters
model.update(cov=factors.cov, exposure=factors.exposure.values, idiosyncratic_risk=factors.idiosyncratic.std().values)

# test the risk model with uniform weights
weights = 0.05 * np.ones(20)
model.estimate(weights).value
------------------


[0;31m---------------------------------------------------------------------------[0m
[0;31mKeyError[0m                                  Traceback (most recent call last)
Cell [0;32mIn[4], line 4[0m
[1;32m      1[0m model [38;5;241m=[39m FactorModel(assets[38;5;241m=[39m[38;5;28mlen[39m(returns[38;5;241m.[39mcolumns), k[38;5;241m=[39m[38;5;241m10[39m)
[1;32m      3[0m [38;5;66;03m# update the model parameters[39;00m
[0;32m----> 4[0m [43mmodel[49m[38;5;241;43m.[39;49m[43mupdate[49m[43m([49m[43mcov[49m[38;5;241;43m=[39;49m[43mfactors[49m[38;5;241;43m.[39;49m[43mcov[49m[43m,[49m[43m [49m[43mexposure[49m[38;5;241;43m=[39;49m[43mfactors[49m[38;5;241;43m.[39;49m[43mexposure[49m[38;5;241;43m.[39;49m[43mvalues[49m[43m,[49m[43m [49m[43midiosyncratic_risk[49m[38;5;241;43m=[39;49m[43mfactors[49m[38;5;241;43m.[39;49m[43midiosyncratic[49m[38;5;241;43m.[39;49m[43mstd[49m[43m([49m[43m)[49m[38;5;241;43m.[39;49m[43mvalues[49m[43m)[49m
[1;32m      6[0m [38;5;66;03m# test the risk model with uniform weights[39;00m
[1;32m      7[0m weights [38;5;241m=[39m [38;5;241m0.05[39m [38;5;241m*[39m np[38;5;241m.[39mones([38;5;241m20[39m)

File [0;32m~/work/cvxrisk/cvxrisk/cvx/risk/factor/factor.py:65[0m, in [0;36mFactorModel.update[0;34m(self, **kwargs)[0m
[1;32m     61[0m [38;5;28mself[39m[38;5;241m.[39mparameter[[38;5;124m"[39m[38;5;124midiosyncratic_risk[39m[38;5;124m"[39m][38;5;241m.[39mvalue[:assets] [38;5;241m=[39m kwargs[
[1;32m     62[0m     [38;5;124m"[39m[38;5;124midiosyncratic_risk[39m[38;5;124m"[39m
[1;32m     63[0m ]
[1;32m     64[0m [38;5;28mself[39m[38;5;241m.[39mparameter[[38;5;124m"[39m[38;5;124mchol[39m[38;5;124m"[39m][38;5;241m.[39mvalue[:k, :k] [38;5;241m=[39m cholesky(kwargs[[38;5;124m"[39m[38;5;124mcov[39m[38;5;124m"[39m])
[0;32m---> 65[0m [38;5;28;43mself[39;49m[38;5;241;43m.[39;49m[43mbounds[49m[38;5;241;43m.[39;49m[43mupdate[49m[43m([49m[38;5;241;43m*[39;49m[38;5;241;43m*[39;49m[43mkwargs[49m[43m)[49m

File [0;32m~/work/cvxrisk/cvxrisk/cvx/risk/bounds.py:35[0m, in [0;36mBounds.update[0;34m(self, **kwargs)[0m
[1;32m     33[0m [38;5;28;01mdef[39;00m [38;5;21mupdate[39m([38;5;28mself[39m, [38;5;241m*[39m[38;5;241m*[39mkwargs):
[1;32m     34[0m     [38;5;66;03m# lower = kwargs.get("lower", np.zeros(self.m))[39;00m
[0;32m---> 35[0m     lower [38;5;241m=[39m [43mkwargs[49m[43m[[49m[38;5;124;43m"[39;49m[38;5;124;43mlower[39;49m[38;5;124;43m"[39;49m[43m][49m
[1;32m     36[0m     [38;5;28mself[39m[38;5;241m.[39mparameter[[38;5;124m"[39m[38;5;124mlower[39m[38;5;124m"[39m][38;5;241m.[39mvalue [38;5;241m=[39m np[38;5;241m.[39mzeros([38;5;28mself[39m[38;5;241m.[39mm)
[1;32m     37[0m     [38;5;28mself[39m[38;5;241m.[39mparameter[[38;5;124m"[39m[38;5;124mlower[39m[38;5;124m"[39m][38;5;241m.[39mvalue[: [38;5;28mlen[39m(lower)] [38;5;241m=[39m lower

[0;31mKeyError[0m: 'lower'

