Traceback (most recent call last):
  File "/home/runner/work/cvxrisk/cvxrisk/.venv/lib/python3.10/site-packages/jupyter_cache/executors/utils.py", line 58, in single_nb_execution
    executenb(
  File "/home/runner/work/cvxrisk/cvxrisk/.venv/lib/python3.10/site-packages/nbclient/client.py", line 1305, in execute
    return NotebookClient(nb=nb, resources=resources, km=km, **kwargs).execute()
  File "/home/runner/work/cvxrisk/cvxrisk/.venv/lib/python3.10/site-packages/jupyter_core/utils/__init__.py", line 166, in wrapped
    return loop.run_until_complete(inner)
  File "/opt/hostedtoolcache/Python/3.10.12/x64/lib/python3.10/asyncio/base_events.py", line 649, in run_until_complete
    return future.result()
  File "/home/runner/work/cvxrisk/cvxrisk/.venv/lib/python3.10/site-packages/nbclient/client.py", line 705, in async_execute
    await self.async_execute_cell(
  File "/home/runner/work/cvxrisk/cvxrisk/.venv/lib/python3.10/site-packages/nbclient/client.py", line 1058, in async_execute_cell
    await self._check_raise_for_error(cell, cell_index, exec_reply)
  File "/home/runner/work/cvxrisk/cvxrisk/.venv/lib/python3.10/site-packages/nbclient/client.py", line 914, in _check_raise_for_error
    raise CellExecutionError.from_cell_and_msg(cell, exec_reply_content)
nbclient.exceptions.CellExecutionError: An error occurred while executing the following cell:
------------------
#w = triangle.weights
w = cvx.Variable(1000)
y = cvx.Variable(100)

objective = cvx.Minimize(triangle.estimate_risk(w, y=y))
constraints = [w >= 0, cvx.sum(w) == 1, y==triangle.exposure @ w]

triangle.update_data(exposure=beta.values, cov=factors.cov().values, 
                     idiosyncratic_risk=pd.DataFrame(data=ret - factors @ beta, index=ret.index, columns=ret.columns).std().values)
------------------


[0;31m---------------------------------------------------------------------------[0m
[0;31mKeyError[0m                                  Traceback (most recent call last)
Cell [0;32mIn[6], line 8[0m
[1;32m      5[0m objective [38;5;241m=[39m cvx[38;5;241m.[39mMinimize(triangle[38;5;241m.[39mestimate_risk(w, y[38;5;241m=[39my))
[1;32m      6[0m constraints [38;5;241m=[39m [w [38;5;241m>[39m[38;5;241m=[39m [38;5;241m0[39m, cvx[38;5;241m.[39msum(w) [38;5;241m==[39m [38;5;241m1[39m, y[38;5;241m==[39mtriangle[38;5;241m.[39mexposure [38;5;241m@[39m w]
[0;32m----> 8[0m [43mtriangle[49m[38;5;241;43m.[39;49m[43mupdate_data[49m[43m([49m[43mexposure[49m[38;5;241;43m=[39;49m[43mbeta[49m[38;5;241;43m.[39;49m[43mvalues[49m[43m,[49m[43m [49m[43mcov[49m[38;5;241;43m=[39;49m[43mfactors[49m[38;5;241;43m.[39;49m[43mcov[49m[43m([49m[43m)[49m[38;5;241;43m.[39;49m[43mvalues[49m[43m,[49m[43m [49m
[1;32m      9[0m [43m                     [49m[43midiosyncratic_risk[49m[38;5;241;43m=[39;49m[43mpd[49m[38;5;241;43m.[39;49m[43mDataFrame[49m[43m([49m[43mdata[49m[38;5;241;43m=[39;49m[43mret[49m[43m [49m[38;5;241;43m-[39;49m[43m [49m[43mfactors[49m[43m [49m[38;5;241;43m@[39;49m[43m [49m[43mbeta[49m[43m,[49m[43m [49m[43mindex[49m[38;5;241;43m=[39;49m[43mret[49m[38;5;241;43m.[39;49m[43mindex[49m[43m,[49m[43m [49m[43mcolumns[49m[38;5;241;43m=[39;49m[43mret[49m[38;5;241;43m.[39;49m[43mcolumns[49m[43m)[49m[38;5;241;43m.[39;49m[43mstd[49m[43m([49m[43m)[49m[38;5;241;43m.[39;49m[43mvalues[49m[43m)[49m

File [0;32m~/work/cvxrisk/cvxrisk/cvx/risk/factor/factor.py:69[0m, in [0;36mFactorModel.update_data[0;34m(self, **kwargs)[0m
[1;32m     66[0m [38;5;28mself[39m[38;5;241m.[39mchol[38;5;241m.[39mvalue[:k, :k] [38;5;241m=[39m cholesky(kwargs[[38;5;124m"[39m[38;5;124mcov[39m[38;5;124m"[39m])
[1;32m     68[0m [38;5;28mself[39m[38;5;241m.[39mlower[38;5;241m.[39mvalue [38;5;241m=[39m np[38;5;241m.[39mzeros([38;5;28mself[39m[38;5;241m.[39massets)
[0;32m---> 69[0m [38;5;28mself[39m[38;5;241m.[39mlower[38;5;241m.[39mvalue[:assets] [38;5;241m=[39m [43mkwargs[49m[43m[[49m[38;5;124;43m"[39;49m[38;5;124;43mlower[39;49m[38;5;124;43m"[39;49m[43m][49m
[1;32m     71[0m [38;5;28mself[39m[38;5;241m.[39mupper[38;5;241m.[39mvalue [38;5;241m=[39m np[38;5;241m.[39mzeros([38;5;28mself[39m[38;5;241m.[39massets)
[1;32m     72[0m [38;5;28mself[39m[38;5;241m.[39mupper[38;5;241m.[39mvalue[:assets] [38;5;241m=[39m kwargs[[38;5;124m"[39m[38;5;124mupper[39m[38;5;124m"[39m]

[0;31mKeyError[0m: 'lower'

