Traceback (most recent call last):
  File "/home/runner/work/cvxrisk/cvxrisk/.venv/lib/python3.10/site-packages/jupyter_cache/executors/utils.py", line 58, in single_nb_execution
    executenb(
  File "/home/runner/work/cvxrisk/cvxrisk/.venv/lib/python3.10/site-packages/nbclient/client.py", line 1305, in execute
    return NotebookClient(nb=nb, resources=resources, km=km, **kwargs).execute()
  File "/home/runner/work/cvxrisk/cvxrisk/.venv/lib/python3.10/site-packages/jupyter_core/utils/__init__.py", line 166, in wrapped
    return loop.run_until_complete(inner)
  File "/opt/hostedtoolcache/Python/3.10.12/x64/lib/python3.10/asyncio/base_events.py", line 649, in run_until_complete
    return future.result()
  File "/home/runner/work/cvxrisk/cvxrisk/.venv/lib/python3.10/site-packages/nbclient/client.py", line 705, in async_execute
    await self.async_execute_cell(
  File "/home/runner/work/cvxrisk/cvxrisk/.venv/lib/python3.10/site-packages/nbclient/client.py", line 1058, in async_execute_cell
    await self._check_raise_for_error(cell, cell_index, exec_reply)
  File "/home/runner/work/cvxrisk/cvxrisk/.venv/lib/python3.10/site-packages/nbclient/client.py", line 914, in _check_raise_for_error
    raise CellExecutionError.from_cell_and_msg(cell, exec_reply_content)
nbclient.exceptions.CellExecutionError: An error occurred while executing the following cell:
------------------
%%timeit
n = 50
a = rand_cov(n-2)

_problem, _riskmodel = problem(n)

# here we construct a cvxpy problem only if the dimensions
# have changed...

for i in range(100):
    try:
        _riskmodel.update_data(cov=a)
    except ValueError:
        # Recompile the problem if the dimension has changed!
        _problem, _riskmodel = problem(a.shape[0])
        _riskmodel.update_data(cov=a)
        
    _problem.solve()
------------------


[0;31m---------------------------------------------------------------------------[0m
[0;31mKeyError[0m                                  Traceback (most recent call last)
Cell [0;32mIn[3], line 1[0m
[0;32m----> 1[0m [43mget_ipython[49m[43m([49m[43m)[49m[38;5;241;43m.[39;49m[43mrun_cell_magic[49m[43m([49m[38;5;124;43m'[39;49m[38;5;124;43mtimeit[39;49m[38;5;124;43m'[39;49m[43m,[49m[43m [49m[38;5;124;43m'[39;49m[38;5;124;43m'[39;49m[43m,[49m[43m [49m[38;5;124;43m'[39;49m[38;5;124;43mn = 50[39;49m[38;5;130;43;01m\n[39;49;00m[38;5;124;43ma = rand_cov(n-2)[39;49m[38;5;130;43;01m\n[39;49;00m[38;5;130;43;01m\n[39;49;00m[38;5;124;43m_problem, _riskmodel = problem(n)[39;49m[38;5;130;43;01m\n[39;49;00m[38;5;130;43;01m\n[39;49;00m[38;5;124;43m# here we construct a cvxpy problem only if the dimensions[39;49m[38;5;130;43;01m\n[39;49;00m[38;5;124;43m# have changed...[39;49m[38;5;130;43;01m\n[39;49;00m[38;5;130;43;01m\n[39;49;00m[38;5;124;43mfor i in range(100):[39;49m[38;5;130;43;01m\n[39;49;00m[38;5;124;43m    try:[39;49m[38;5;130;43;01m\n[39;49;00m[38;5;124;43m        _riskmodel.update_data(cov=a)[39;49m[38;5;130;43;01m\n[39;49;00m[38;5;124;43m    except ValueError:[39;49m[38;5;130;43;01m\n[39;49;00m[38;5;124;43m        # Recompile the problem if the dimension has changed![39;49m[38;5;130;43;01m\n[39;49;00m[38;5;124;43m        _problem, _riskmodel = problem(a.shape[0])[39;49m[38;5;130;43;01m\n[39;49;00m[38;5;124;43m        _riskmodel.update_data(cov=a)[39;49m[38;5;130;43;01m\n[39;49;00m[38;5;124;43m        [39;49m[38;5;130;43;01m\n[39;49;00m[38;5;124;43m    _problem.solve()[39;49m[38;5;130;43;01m\n[39;49;00m[38;5;124;43m'[39;49m[43m)[49m

File [0;32m~/work/cvxrisk/cvxrisk/.venv/lib/python3.10/site-packages/IPython/core/interactiveshell.py:2478[0m, in [0;36mInteractiveShell.run_cell_magic[0;34m(self, magic_name, line, cell)[0m
[1;32m   2476[0m [38;5;28;01mwith[39;00m [38;5;28mself[39m[38;5;241m.[39mbuiltin_trap:
[1;32m   2477[0m     args [38;5;241m=[39m (magic_arg_s, cell)
[0;32m-> 2478[0m     result [38;5;241m=[39m [43mfn[49m[43m([49m[38;5;241;43m*[39;49m[43margs[49m[43m,[49m[43m [49m[38;5;241;43m*[39;49m[38;5;241;43m*[39;49m[43mkwargs[49m[43m)[49m
[1;32m   2480[0m [38;5;66;03m# The code below prevents the output from being displayed[39;00m
[1;32m   2481[0m [38;5;66;03m# when using magics with decodator @output_can_be_silenced[39;00m
[1;32m   2482[0m [38;5;66;03m# when the last Python token in the expression is a ';'.[39;00m
[1;32m   2483[0m [38;5;28;01mif[39;00m [38;5;28mgetattr[39m(fn, magic[38;5;241m.[39mMAGIC_OUTPUT_CAN_BE_SILENCED, [38;5;28;01mFalse[39;00m):

File [0;32m~/work/cvxrisk/cvxrisk/.venv/lib/python3.10/site-packages/IPython/core/magics/execution.py:1170[0m, in [0;36mExecutionMagics.timeit[0;34m(self, line, cell, local_ns)[0m
[1;32m   1168[0m [38;5;28;01mfor[39;00m index [38;5;129;01min[39;00m [38;5;28mrange[39m([38;5;241m0[39m, [38;5;241m10[39m):
[1;32m   1169[0m     number [38;5;241m=[39m [38;5;241m10[39m [38;5;241m*[39m[38;5;241m*[39m index
[0;32m-> 1170[0m     time_number [38;5;241m=[39m [43mtimer[49m[38;5;241;43m.[39;49m[43mtimeit[49m[43m([49m[43mnumber[49m[43m)[49m
[1;32m   1171[0m     [38;5;28;01mif[39;00m time_number [38;5;241m>[39m[38;5;241m=[39m [38;5;241m0.2[39m:
[1;32m   1172[0m         [38;5;28;01mbreak[39;00m

File [0;32m~/work/cvxrisk/cvxrisk/.venv/lib/python3.10/site-packages/IPython/core/magics/execution.py:158[0m, in [0;36mTimer.timeit[0;34m(self, number)[0m
[1;32m    156[0m gc[38;5;241m.[39mdisable()
[1;32m    157[0m [38;5;28;01mtry[39;00m:
[0;32m--> 158[0m     timing [38;5;241m=[39m [38;5;28;43mself[39;49m[38;5;241;43m.[39;49m[43minner[49m[43m([49m[43mit[49m[43m,[49m[43m [49m[38;5;28;43mself[39;49m[38;5;241;43m.[39;49m[43mtimer[49m[43m)[49m
[1;32m    159[0m [38;5;28;01mfinally[39;00m:
[1;32m    160[0m     [38;5;28;01mif[39;00m gcold:

File [0;32m<magic-timeit>:11[0m, in [0;36minner[0;34m(_it, _timer)[0m

File [0;32m~/work/cvxrisk/cvxrisk/cvx/risk/sample/sample.py:49[0m, in [0;36mSampleCovariance.update_data[0;34m(self, **kwargs)[0m
[1;32m     47[0m [38;5;28mself[39m[38;5;241m.[39m_chol[38;5;241m.[39mvalue[:n, :n] [38;5;241m=[39m cholesky(cov)
[1;32m     48[0m [38;5;28mself[39m[38;5;241m.[39mlower[38;5;241m.[39mvalue [38;5;241m=[39m np[38;5;241m.[39mzeros([38;5;28mself[39m[38;5;241m.[39mnum)
[0;32m---> 49[0m [38;5;28mself[39m[38;5;241m.[39mlower[38;5;241m.[39mvalue[:n] [38;5;241m=[39m [43mkwargs[49m[43m[[49m[38;5;124;43m"[39;49m[38;5;124;43mlower[39;49m[38;5;124;43m"[39;49m[43m][49m
[1;32m     51[0m [38;5;28mself[39m[38;5;241m.[39mupper[38;5;241m.[39mvalue [38;5;241m=[39m np[38;5;241m.[39mzeros([38;5;28mself[39m[38;5;241m.[39mnum)
[1;32m     52[0m [38;5;28mself[39m[38;5;241m.[39mupper[38;5;241m.[39mvalue[:n] [38;5;241m=[39m kwargs[[38;5;124m"[39m[38;5;124mupper[39m[38;5;124m"[39m]

[0;31mKeyError[0m: 'lower'

