Traceback (most recent call last):
  File "/home/runner/work/cvxrisk/cvxrisk/.venv/lib/python3.10/site-packages/jupyter_cache/executors/utils.py", line 58, in single_nb_execution
    executenb(
  File "/home/runner/work/cvxrisk/cvxrisk/.venv/lib/python3.10/site-packages/nbclient/client.py", line 1305, in execute
    return NotebookClient(nb=nb, resources=resources, km=km, **kwargs).execute()
  File "/home/runner/work/cvxrisk/cvxrisk/.venv/lib/python3.10/site-packages/jupyter_core/utils/__init__.py", line 173, in wrapped
    return loop.run_until_complete(inner)
  File "/opt/hostedtoolcache/Python/3.10.13/x64/lib/python3.10/asyncio/base_events.py", line 649, in run_until_complete
    return future.result()
  File "/home/runner/work/cvxrisk/cvxrisk/.venv/lib/python3.10/site-packages/nbclient/client.py", line 705, in async_execute
    await self.async_execute_cell(
  File "/home/runner/work/cvxrisk/cvxrisk/.venv/lib/python3.10/site-packages/nbclient/client.py", line 1058, in async_execute_cell
    await self._check_raise_for_error(cell, cell_index, exec_reply)
  File "/home/runner/work/cvxrisk/cvxrisk/.venv/lib/python3.10/site-packages/nbclient/client.py", line 914, in _check_raise_for_error
    raise CellExecutionError.from_cell_and_msg(cell, exec_reply_content)
nbclient.exceptions.CellExecutionError: An error occurred while executing the following cell:
------------------
# Perform the backtest
_builder = builder(prices=prices.truncate(before=start), initial_cash=1e6)

w = cp.Variable(len(_builder.assets))
problem = minrisk_problem(risk_model, w)


for t, _ in _builder:
    risk_model.update(cov=cov.loc[t[-1]].values, lower_assets=np.zeros(20), upper_assets=np.ones(20))
    
    # don't reconstruct the problem in every iteration!
    problem.solve()
    
    _builder.set_weights(t[-1], pd.Series(data=w.value, index=_builder.assets))

portfolio = _builder.build()
------------------


[0;31m---------------------------------------------------------------------------[0m
[0;31mAttributeError[0m                            Traceback (most recent call last)
Cell [0;32mIn[5], line 4[0m
[1;32m      1[0m [38;5;66;03m# Perform the backtest[39;00m
[1;32m      2[0m _builder [38;5;241m=[39m builder(prices[38;5;241m=[39mprices[38;5;241m.[39mtruncate(before[38;5;241m=[39mstart), initial_cash[38;5;241m=[39m[38;5;241m1e6[39m)
[0;32m----> 4[0m w [38;5;241m=[39m cp[38;5;241m.[39mVariable([38;5;28mlen[39m([43m_builder[49m[38;5;241;43m.[39;49m[43massets[49m))
[1;32m      5[0m problem [38;5;241m=[39m minrisk_problem(risk_model, w)
[1;32m      8[0m [38;5;28;01mfor[39;00m t, _ [38;5;129;01min[39;00m _builder:

[0;31mAttributeError[0m: '_Builder' object has no attribute 'assets'

