Traceback (most recent call last):
  File "/home/runner/work/cvxrisk/cvxrisk/.venv/lib/python3.11/site-packages/jupyter_cache/executors/utils.py", line 58, in single_nb_execution
    executenb(
  File "/home/runner/work/cvxrisk/cvxrisk/.venv/lib/python3.11/site-packages/nbclient/client.py", line 1314, in execute
    return NotebookClient(nb=nb, resources=resources, km=km, **kwargs).execute()
           ^^^^^^^^^^^^^^^^^^^^^^^^^^^^^^^^^^^^^^^^^^^^^^^^^^^^^^^^^^^^^^^^^^^^^
  File "/home/runner/work/cvxrisk/cvxrisk/.venv/lib/python3.11/site-packages/jupyter_core/utils/__init__.py", line 165, in wrapped
    return loop.run_until_complete(inner)
           ^^^^^^^^^^^^^^^^^^^^^^^^^^^^^^
  File "/opt/hostedtoolcache/Python/3.11.10/x64/lib/python3.11/asyncio/base_events.py", line 654, in run_until_complete
    return future.result()
           ^^^^^^^^^^^^^^^
  File "/home/runner/work/cvxrisk/cvxrisk/.venv/lib/python3.11/site-packages/nbclient/client.py", line 709, in async_execute
    await self.async_execute_cell(
  File "/home/runner/work/cvxrisk/cvxrisk/.venv/lib/python3.11/site-packages/nbclient/client.py", line 1062, in async_execute_cell
    await self._check_raise_for_error(cell, cell_index, exec_reply)
  File "/home/runner/work/cvxrisk/cvxrisk/.venv/lib/python3.11/site-packages/nbclient/client.py", line 918, in _check_raise_for_error
    raise CellExecutionError.from_cell_and_msg(cell, exec_reply_content)
nbclient.exceptions.CellExecutionError: An error occurred while executing the following cell:
------------------
import pandas as pd
import numpy as np
import cvxpy as cvx

from cvx.linalg import pca
from cvx.risk.factor import FactorModel
from cvx.portfolio.min_risk import minrisk_problem
------------------


[0;31m---------------------------------------------------------------------------[0m
[0;31mModuleNotFoundError[0m                       Traceback (most recent call last)
Cell [0;32mIn[1], line 5[0m
[1;32m      2[0m [38;5;28;01mimport[39;00m [38;5;21;01mnumpy[39;00m [38;5;28;01mas[39;00m [38;5;21;01mnp[39;00m
[1;32m      3[0m [38;5;28;01mimport[39;00m [38;5;21;01mcvxpy[39;00m [38;5;28;01mas[39;00m [38;5;21;01mcvx[39;00m
[0;32m----> 5[0m [38;5;28;01mfrom[39;00m [38;5;21;01mcvx[39;00m[38;5;21;01m.[39;00m[38;5;21;01mlinalg[39;00m [38;5;28;01mimport[39;00m pca
[1;32m      6[0m [38;5;28;01mfrom[39;00m [38;5;21;01mcvx[39;00m[38;5;21;01m.[39;00m[38;5;21;01mrisk[39;00m[38;5;21;01m.[39;00m[38;5;21;01mfactor[39;00m [38;5;28;01mimport[39;00m FactorModel
[1;32m      7[0m [38;5;28;01mfrom[39;00m [38;5;21;01mcvx[39;00m[38;5;21;01m.[39;00m[38;5;21;01mportfolio[39;00m[38;5;21;01m.[39;00m[38;5;21;01mmin_risk[39;00m [38;5;28;01mimport[39;00m minrisk_problem

[0;31mModuleNotFoundError[0m: No module named 'cvx.linalg'

